<?xml version="1.0" encoding="UTF-8"?>
<testsuite xmlns:xsi="http://www.w3.org/2001/XMLSchema-instance" xsi:noNamespaceSchemaLocation="https://maven.apache.org/surefire/maven-surefire-plugin/xsd/surefire-test-report-3.0.xsd" version="3.0" name="com.stellantis.kafka.replication.AppTest" time="0.018" tests="1" errors="0" skipped="0" failures="0">
  <properties>
    <property name="sun.desktop" value="windows"/>
    <property name="awt.toolkit" value="sun.awt.windows.WToolkit"/>
    <property name="file.encoding.pkg" value="sun.io"/>
    <property name="jdk.extensions.version" value="17.0.11.0"/>
    <property name="java.specification.version" value="17"/>
    <property name="sun.jnu.encoding" value="Cp1252"/>
    <property name="java.class.path" value="d:\CurrentProjects\CP4I\Installation\cp4i-install\demos\es_mm2\resources\rename.topic\target\test-classes;d:\CurrentProjects\CP4I\Installation\cp4i-install\demos\es_mm2\resources\rename.topic\target\classes;C:\Users\060948706\.m2\repository\org\apache\kafka\kafka-clients\4.0.0\kafka-clients-4.0.0.jar;C:\Users\060948706\.m2\repository\com\github\luben\zstd-jni\1.5.6-6\zstd-jni-1.5.6-6.jar;C:\Users\060948706\.m2\repository\org\lz4\lz4-java\1.8.0\lz4-java-1.8.0.jar;C:\Users\060948706\.m2\repository\org\xerial\snappy\snappy-java\1.1.10.5\snappy-java-1.1.10.5.jar;C:\Users\060948706\.m2\repository\org\apache\kafka\connect-mirror-client\4.0.0\connect-mirror-client-4.0.0.jar;C:\Users\060948706\.m2\repository\org\slf4j\slf4j-api\2.0.17\slf4j-api-2.0.17.jar;C:\Users\060948706\.m2\repository\junit\junit\3.8.1\junit-3.8.1.jar;"/>
    <property name="java.vm.vendor" value="Eclipse OpenJ9"/>
    <property name="sun.arch.data.model" value="64"/>
    <property name="com.ibm.vm.bitmode" value="64"/>
    <property name="user.variant" value=""/>
    <property name="com.ibm.oti.vm.library.version" value="29"/>
    <property name="java.vendor.url" value="https://www.ibm.com/semeru-runtimes"/>
    <property name="user.timezone" value="Europe/Paris"/>
    <property name="os.name" value="Windows 11"/>
    <property name="java.vm.specification.version" value="17"/>
    <property name="user.country" value="FR"/>
    <property name="sun.java.launcher" value="SUN_STANDARD"/>
    <property name="sun.boot.library.path" value="C:\MyPrograms\java\Semeru\jdk-17\bin\default;C:\MyPrograms\java\Semeru\jdk-17\bin"/>
    <property name="sun.java.command" value="C:\Users\060948706\AppData\Local\Temp\surefire8645155802825783097\surefirebooter-20250417172746650_3.jar C:\Users\060948706\AppData\Local\Temp\surefire8645155802825783097 2025-04-17T17-27-46_426-jvmRun1 surefire-20250417172746650_1tmp surefire_0-20250417172746650_2tmp"/>
    <property name="surefire.test.class.path" value="d:\CurrentProjects\CP4I\Installation\cp4i-install\demos\es_mm2\resources\rename.topic\target\test-classes;d:\CurrentProjects\CP4I\Installation\cp4i-install\demos\es_mm2\resources\rename.topic\target\classes;C:\Users\060948706\.m2\repository\org\apache\kafka\kafka-clients\4.0.0\kafka-clients-4.0.0.jar;C:\Users\060948706\.m2\repository\com\github\luben\zstd-jni\1.5.6-6\zstd-jni-1.5.6-6.jar;C:\Users\060948706\.m2\repository\org\lz4\lz4-java\1.8.0\lz4-java-1.8.0.jar;C:\Users\060948706\.m2\repository\org\xerial\snappy\snappy-java\1.1.10.5\snappy-java-1.1.10.5.jar;C:\Users\060948706\.m2\repository\org\apache\kafka\connect-mirror-client\4.0.0\connect-mirror-client-4.0.0.jar;C:\Users\060948706\.m2\repository\org\slf4j\slf4j-api\2.0.17\slf4j-api-2.0.17.jar;C:\Users\060948706\.m2\repository\junit\junit\3.8.1\junit-3.8.1.jar;"/>
    <property name="sun.cpu.endian" value="little"/>
    <property name="user.home" value="C:\Users\060948706"/>
    <property name="user.language" value="fr"/>
    <property name="java.specification.vendor" value="Oracle Corporation"/>
    <property name="java.version.date" value="2024-04-16"/>
    <property name="java.home" value="C:\MyPrograms\java\Semeru\jdk-17"/>
    <property name="ibm.signalhandling.rs" value="false"/>
    <property name="openjdk.methodhandles" value="true"/>
    <property name="file.separator" value="\"/>
    <property name="jdk.extensions.name" value="Extensions for OpenJDK for Eclipse OpenJ9"/>
    <property name="basedir" value="d:\CurrentProjects\CP4I\Installation\cp4i-install\demos\es_mm2\resources\rename.topic"/>
    <property name="line.separator" value="&#10;"/>
    <property name="java.specification.name" value="Java Platform API Specification"/>
    <property name="java.vm.specification.vendor" value="Oracle Corporation"/>
    <property name="java.compiler" value="j9jit29"/>
    <property name="com.ibm.util.extralibs.properties" value=""/>
    <property name="java.awt.graphicsenv" value="sun.awt.Win32GraphicsEnvironment"/>
    <property name="com.ibm.oti.configuration" value="scar"/>
    <property name="java.awt.fonts" value=""/>
    <property name="surefire.real.class.path" value="C:\Users\060948706\AppData\Local\Temp\surefire8645155802825783097\surefirebooter-20250417172746650_3.jar"/>
    <property name="com.ibm.oti.shared.enabled" value="false"/>
    <property name="com.ibm.oti.vm.bootstrap.library.path" value="C:\MyPrograms\java\Semeru\jdk-17\bin\default;C:\MyPrograms\java\Semeru\jdk-17\bin"/>
    <property name="com.ibm.cpu.endian" value="little"/>
    <property name="java.fullversion" value="17.0.11+9&#10;JRE 17 Windows 11 amd64-64-Bit Compressed References 20240416_709 (JIT enabled, AOT enabled)&#10;OpenJ9   - b0699311c7&#10;OMR      - 254af5a04&#10;JCL      - 5d7d758b682 based on jdk-17.0.11+9"/>
    <property name="java.runtime.version" value="17.0.11+9"/>
    <property name="user.name" value="ArnauldDesprets"/>
    <property name="path.separator" value=";"/>
    <property name="os.version" value="10.0"/>
    <property name="java.runtime.name" value="IBM Semeru Runtime Open Edition"/>
    <property name="ibm.signalhandling.sigint" value="true"/>
    <property name="file.encoding" value="Cp1252"/>
    <property name="java.vm.name" value="Eclipse OpenJ9 VM"/>
    <property name="java.vendor.version" value="17.0.11.0"/>
    <property name="ibm.signalhandling.sigchain" value="true"/>
    <property name="localRepository" value="C:\Users\060948706\.m2\repository"/>
    <property name="java.vendor.url.bug" value="https://github.com/ibmruntimes/Semeru-Runtimes/issues"/>
    <property name="java.io.tmpdir" value="C:\Users\060948~1\AppData\Local\Temp\"/>
    <property name="java.version" value="17.0.11"/>
    <property name="com.ibm.system.agent.path" value="C:\MyPrograms\java\Semeru\jdk-17\bin"/>
    <property name="user.dir" value="d:\CurrentProjects\CP4I\Installation\cp4i-install\demos\es_mm2\resources\rename.topic"/>
    <property name="os.arch" value="amd64"/>
    <property name="java.vm.specification.name" value="Java Virtual Machine Specification"/>
    <property name="java.awt.printerjob" value="sun.awt.windows.WPrinterJob"/>
    <property name="os.encoding" value="UTF-8"/>
    <property name="native.encoding" value="Cp1252"/>
    <property name="java.library.path" value="C:\MyPrograms\java\Semeru\jdk-17\bin\default;C:\MyPrograms\java\Semeru\jdk-17\bin;C:\WINDOWS\system32;C:\WINDOWS;C:\Program Files\PowerShell\7;C:\Program Files\Semeru\jdk-21.0.5.11-openj9\bin;C:\ProgramData\Oracle\Java\javapath;C:\MyPrograms\java\Semeru\jdk-17\bin;C:\Program Files\Semeru\jdk-8.0.402.6-openj9\bin;C:\MyPrograms\java\Semeru\jdk-11\bin;C:\Program Files\Eclipse Adoptium\jdk-17.0.7.7-hotspot\bin;C:\Program Files (x86)\VMware\VMware Workstation\bin\;C:\WINDOWS\system32;C:\WINDOWS;C:\WINDOWS\System32\Wbem;C:\WINDOWS\System32\WindowsPowerShell\v1.0\;C:\WINDOWS\System32\OpenSSH\;C:\Program Files (x86)\Box\Box Edit\;C:\Program Files\PuTTY\;c:\bin;C:\e_drive\bin;C:\MyPrograms\php\7.4;C:\bin\openssl\1.0.2d;C:\Program Files\GitHub CLI\;C:\MyPrograms\maven\bin;C:\MinGW\bin;C:\Program Files\Git\cmd;C:\IBM\MQ\bin64;C:\IBM\MQ\bin;C:\IBM\MQ\tools\c\samples\bin64;C:\IBM\MQ\tools\c\samples\bin;C:\Program Files\RedHat\Podman\;C:\Program Files\PowerShell\7\;C:\MyPrograms\java\Semeru\jdk-17;C:\Program Files\MySQL\MySQL Shell 8.0\bin\;C:\Users\060948706\AppData\Local\Microsoft\WindowsApps;C:\Users\060948706\AppData\Local\Programs\Microsoft VS Code\bin;c:\Program Files\IBM\ACE\13.0.1.0\server\bin;;c:\Users\060948706\AppData\Roaming\Code\User\globalStorage\github.copilot-chat\debugCommand;."/>
    <property name="java.vendor" value="IBM Corporation"/>
    <property name="java.vm.info" value="JRE 17 Windows 11 amd64-64-Bit Compressed References 20240416_709 (JIT enabled, AOT enabled)&#10;OpenJ9   - b0699311c7&#10;OMR      - 254af5a04&#10;JCL      - 5d7d758b682 based on jdk-17.0.11+9"/>
    <property name="java.vm.version" value="openj9-0.44.0"/>
    <property name="com.ibm.jcl.checkClassPath" value=""/>
    <property name="ibm.system.encoding" value="Cp1252"/>
    <property name="java.lang.invoke.VarHandle.VAR_HANDLE_GUARDS" value="false"/>
    <property name="sun.io.unicode.encoding" value="UnicodeLittle"/>
    <property name="java.class.version" value="61.0"/>
  </properties>
  <testcase name="testApp" classname="com.stellantis.kafka.replication.AppTest" time="0.001"/>
</testsuite>